[2017-03-03 00:25:38] local.ERROR: exception 'Symfony\Component\Debug\Exception\FatalErrorException' with message 'Call to undefined method Illuminate\Foundation\Application::bindShared()' in C:\wamp64\www\media\vendor\laravel\socialite\src\SocialiteServiceProvider.php:22
Stack trace:
#0 {main}  
[2017-03-03 00:26:02] local.ERROR: exception 'Symfony\Component\Debug\Exception\FatalErrorException' with message 'Call to undefined method Illuminate\Foundation\Application::bindShared()' in C:\wamp64\www\media\vendor\laravel\socialite\src\SocialiteServiceProvider.php:22
Stack trace:
#0 {main}  
[2017-03-03 00:26:16] local.ERROR: exception 'Symfony\Component\Debug\Exception\FatalErrorException' with message 'Call to undefined method Illuminate\Foundation\Application::bindShared()' in C:\wamp64\www\media\vendor\laravel\socialite\src\SocialiteServiceProvider.php:22
Stack trace:
#0 {main}  
[2017-03-03 00:26:42] local.ERROR: exception 'Symfony\Component\Debug\Exception\FatalErrorException' with message 'Call to undefined method Illuminate\Foundation\Application::bindShared()' in C:\wamp64\www\media\vendor\laravel\socialite\src\SocialiteServiceProvider.php:22
Stack trace:
#0 {main}  
[2017-03-03 00:27:06] local.ERROR: exception 'Symfony\Component\Debug\Exception\FatalErrorException' with message 'Call to undefined method Illuminate\Foundation\Application::bindShared()' in C:\wamp64\www\media\vendor\laravel\socialite\src\SocialiteServiceProvider.php:22
Stack trace:
#0 {main}  
[2017-03-03 00:44:27] local.ERROR: exception 'PDOException' with message 'SQLSTATE[42S01]: Base table or view already exists: 1050 Table 'users' already exists' in C:\wamp64\www\media\vendor\laravel\framework\src\Illuminate\Database\Connection.php:457
Stack trace:
#0 C:\wamp64\www\media\vendor\laravel\framework\src\Illuminate\Database\Connection.php(457): PDOStatement->execute(Array)
#1 C:\wamp64\www\media\vendor\laravel\framework\src\Illuminate\Database\Connection.php(722): Illuminate\Database\Connection->Illuminate\Database\{closure}(Object(Illuminate\Database\MySqlConnection), 'create table `u...', Array)
#2 C:\wamp64\www\media\vendor\laravel\framework\src\Illuminate\Database\Connection.php(685): Illuminate\Database\Connection->runQueryCallback('create table `u...', Array, Object(Closure))
#3 C:\wamp64\www\media\vendor\laravel\framework\src\Illuminate\Database\Connection.php(458): Illuminate\Database\Connection->run('create table `u...', Array, Object(Closure))
#4 C:\wamp64\www\media\vendor\laravel\framework\src\Illuminate\Database\Schema\Blueprint.php(83): Illuminate\Database\Connection->statement('create table `u...')
#5 C:\wamp64\www\media\vendor\laravel\framework\src\Illuminate\Database\Schema\Builder.php(229): Illuminate\Database\Schema\Blueprint->build(Object(Illuminate\Database\MySqlConnection), Object(Illuminate\Database\Schema\Grammars\MySqlGrammar))
#6 C:\wamp64\www\media\vendor\laravel\framework\src\Illuminate\Database\Schema\Builder.php(148): Illuminate\Database\Schema\Builder->build(Object(Illuminate\Database\Schema\Blueprint))
#7 C:\wamp64\www\media\vendor\laravel\framework\src\Illuminate\Support\Facades\Facade.php(219): Illuminate\Database\Schema\Builder->create('users', Object(Closure))
#8 C:\wamp64\www\media\database\migrations\2016_10_12_000000_create_users_table.php(31): Illuminate\Support\Facades\Facade::__callStatic('create', Array)
#9 C:\wamp64\www\media\database\migrations\2016_10_12_000000_create_users_table.php(31): Illuminate\Support\Facades\Schema::create('users', Object(Closure))
#10 C:\wamp64\www\media\vendor\laravel\framework\src\Illuminate\Database\Migrations\Migrator.php(147): CreateUsersTable->up()
#11 C:\wamp64\www\media\vendor\laravel\framework\src\Illuminate\Database\Migrations\Migrator.php(117): Illuminate\Database\Migrations\Migrator->runUp('2016_10_12_0000...', 2, false)
#12 C:\wamp64\www\media\vendor\laravel\framework\src\Illuminate\Database\Migrations\Migrator.php(86): Illuminate\Database\Migrations\Migrator->runMigrationList(Array, Array)
#13 C:\wamp64\www\media\vendor\laravel\framework\src\Illuminate\Database\Console\Migrations\MigrateCommand.php(77): Illuminate\Database\Migrations\Migrator->run('C:\\wamp64\\www\\m...', Array)
#14 [internal function]: Illuminate\Database\Console\Migrations\MigrateCommand->fire()
#15 C:\wamp64\www\media\vendor\laravel\framework\src\Illuminate\Container\Container.php(507): call_user_func_array(Array, Array)
#16 C:\wamp64\www\media\vendor\laravel\framework\src\Illuminate\Console\Command.php(169): Illuminate\Container\Container->call(Array)
#17 C:\wamp64\www\media\vendor\symfony\console\Command\Command.php(256): Illuminate\Console\Command->execute(Object(Symfony\Component\Console\Input\ArgvInput), Object(Symfony\Component\Console\Output\ConsoleOutput))
#18 C:\wamp64\www\media\vendor\laravel\framework\src\Illuminate\Console\Command.php(155): Symfony\Component\Console\Command\Command->run(Object(Symfony\Component\Console\Input\ArgvInput), Object(Symfony\Component\Console\Output\ConsoleOutput))
#19 C:\wamp64\www\media\vendor\symfony\console\Application.php(794): Illuminate\Console\Command->run(Object(Symfony\Component\Console\Input\ArgvInput), Object(Symfony\Component\Console\Output\ConsoleOutput))
#20 C:\wamp64\www\media\vendor\symfony\console\Application.php(186): Symfony\Component\Console\Application->doRunCommand(Object(Illuminate\Database\Console\Migrations\MigrateCommand), Object(Symfony\Component\Console\Input\ArgvInput), Object(Symfony\Component\Console\Output\ConsoleOutput))
#21 C:\wamp64\www\media\vendor\symfony\console\Application.php(117): Symfony\Component\Console\Application->doRun(Object(Symfony\Component\Console\Input\ArgvInput), Object(Symfony\Component\Console\Output\ConsoleOutput))
#22 C:\wamp64\www\media\vendor\laravel\framework\src\Illuminate\Foundation\Console\Kernel.php(107): Symfony\Component\Console\Application->run(Object(Symfony\Component\Console\Input\ArgvInput), Object(Symfony\Component\Console\Output\ConsoleOutput))
#23 C:\wamp64\www\media\artisan(36): Illuminate\Foundation\Console\Kernel->handle(Object(Symfony\Component\Console\Input\ArgvInput), Object(Symfony\Component\Console\Output\ConsoleOutput))
#24 {main}

Next exception 'Illuminate\Database\QueryException' with message 'SQLSTATE[42S01]: Base table or view already exists: 1050 Table 'users' already exists (SQL: create table `users` (`id` int unsigned not null auto_increment primary key, `username` varchar(255) not null, `email` varchar(255) null, `password` varchar(60) not null, `avatar` varchar(255) not null default 'noavatar.jpg', `cover` varchar(255) not null default 'nocover.jpg', `facebook_id` varchar(255) null, `twitter_id` varchar(255) null, `google_id` varchar(255) null, `status` int not null default '0', `level` int not null default '0', `facebook_profile` varchar(255) null, `twitter_profile` varchar(255) null, `remember_token` varchar(100) null, `created_at` timestamp null, `updated_at` timestamp null) default character set utf8 collate utf8_unicode_ci)' in C:\wamp64\www\media\vendor\laravel\framework\src\Illuminate\Database\Connection.php:729
Stack trace:
#0 C:\wamp64\www\media\vendor\laravel\framework\src\Illuminate\Database\Connection.php(685): Illuminate\Database\Connection->runQueryCallback('create table `u...', Array, Object(Closure))
#1 C:\wamp64\www\media\vendor\laravel\framework\src\Illuminate\Database\Connection.php(458): Illuminate\Database\Connection->run('create table `u...', Array, Object(Closure))
#2 C:\wamp64\www\media\vendor\laravel\framework\src\Illuminate\Database\Schema\Blueprint.php(83): Illuminate\Database\Connection->statement('create table `u...')
#3 C:\wamp64\www\media\vendor\laravel\framework\src\Illuminate\Database\Schema\Builder.php(229): Illuminate\Database\Schema\Blueprint->build(Object(Illuminate\Database\MySqlConnection), Object(Illuminate\Database\Schema\Grammars\MySqlGrammar))
#4 C:\wamp64\www\media\vendor\laravel\framework\src\Illuminate\Database\Schema\Builder.php(148): Illuminate\Database\Schema\Builder->build(Object(Illuminate\Database\Schema\Blueprint))
#5 C:\wamp64\www\media\vendor\laravel\framework\src\Illuminate\Support\Facades\Facade.php(219): Illuminate\Database\Schema\Builder->create('users', Object(Closure))
#6 C:\wamp64\www\media\database\migrations\2016_10_12_000000_create_users_table.php(31): Illuminate\Support\Facades\Facade::__callStatic('create', Array)
#7 C:\wamp64\www\media\database\migrations\2016_10_12_000000_create_users_table.php(31): Illuminate\Support\Facades\Schema::create('users', Object(Closure))
#8 C:\wamp64\www\media\vendor\laravel\framework\src\Illuminate\Database\Migrations\Migrator.php(147): CreateUsersTable->up()
#9 C:\wamp64\www\media\vendor\laravel\framework\src\Illuminate\Database\Migrations\Migrator.php(117): Illuminate\Database\Migrations\Migrator->runUp('2016_10_12_0000...', 2, false)
#10 C:\wamp64\www\media\vendor\laravel\framework\src\Illuminate\Database\Migrations\Migrator.php(86): Illuminate\Database\Migrations\Migrator->runMigrationList(Array, Array)
#11 C:\wamp64\www\media\vendor\laravel\framework\src\Illuminate\Database\Console\Migrations\MigrateCommand.php(77): Illuminate\Database\Migrations\Migrator->run('C:\\wamp64\\www\\m...', Array)
#12 [internal function]: Illuminate\Database\Console\Migrations\MigrateCommand->fire()
#13 C:\wamp64\www\media\vendor\laravel\framework\src\Illuminate\Container\Container.php(507): call_user_func_array(Array, Array)
#14 C:\wamp64\www\media\vendor\laravel\framework\src\Illuminate\Console\Command.php(169): Illuminate\Container\Container->call(Array)
#15 C:\wamp64\www\media\vendor\symfony\console\Command\Command.php(256): Illuminate\Console\Command->execute(Object(Symfony\Component\Console\Input\ArgvInput), Object(Symfony\Component\Console\Output\ConsoleOutput))
#16 C:\wamp64\www\media\vendor\laravel\framework\src\Illuminate\Console\Command.php(155): Symfony\Component\Console\Command\Command->run(Object(Symfony\Component\Console\Input\ArgvInput), Object(Symfony\Component\Console\Output\ConsoleOutput))
#17 C:\wamp64\www\media\vendor\symfony\console\Application.php(794): Illuminate\Console\Command->run(Object(Symfony\Component\Console\Input\ArgvInput), Object(Symfony\Component\Console\Output\ConsoleOutput))
#18 C:\wamp64\www\media\vendor\symfony\console\Application.php(186): Symfony\Component\Console\Application->doRunCommand(Object(Illuminate\Database\Console\Migrations\MigrateCommand), Object(Symfony\Component\Console\Input\ArgvInput), Object(Symfony\Component\Console\Output\ConsoleOutput))
#19 C:\wamp64\www\media\vendor\symfony\console\Application.php(117): Symfony\Component\Console\Application->doRun(Object(Symfony\Component\Console\Input\ArgvInput), Object(Symfony\Component\Console\Output\ConsoleOutput))
#20 C:\wamp64\www\media\vendor\laravel\framework\src\Illuminate\Foundation\Console\Kernel.php(107): Symfony\Component\Console\Application->run(Object(Symfony\Component\Console\Input\ArgvInput), Object(Symfony\Component\Console\Output\ConsoleOutput))
#21 C:\wamp64\www\media\artisan(36): Illuminate\Foundation\Console\Kernel->handle(Object(Symfony\Component\Console\Input\ArgvInput), Object(Symfony\Component\Console\Output\ConsoleOutput))
#22 {main}  
[2017-03-03 00:45:31] local.ERROR: exception 'PDOException' with message 'SQLSTATE[42S01]: Base table or view already exists: 1050 Table 'users' already exists' in C:\wamp64\www\media\vendor\laravel\framework\src\Illuminate\Database\Connection.php:457
Stack trace:
#0 C:\wamp64\www\media\vendor\laravel\framework\src\Illuminate\Database\Connection.php(457): PDOStatement->execute(Array)
#1 C:\wamp64\www\media\vendor\laravel\framework\src\Illuminate\Database\Connection.php(722): Illuminate\Database\Connection->Illuminate\Database\{closure}(Object(Illuminate\Database\MySqlConnection), 'create table `u...', Array)
#2 C:\wamp64\www\media\vendor\laravel\framework\src\Illuminate\Database\Connection.php(685): Illuminate\Database\Connection->runQueryCallback('create table `u...', Array, Object(Closure))
#3 C:\wamp64\www\media\vendor\laravel\framework\src\Illuminate\Database\Connection.php(458): Illuminate\Database\Connection->run('create table `u...', Array, Object(Closure))
#4 C:\wamp64\www\media\vendor\laravel\framework\src\Illuminate\Database\Schema\Blueprint.php(83): Illuminate\Database\Connection->statement('create table `u...')
#5 C:\wamp64\www\media\vendor\laravel\framework\src\Illuminate\Database\Schema\Builder.php(229): Illuminate\Database\Schema\Blueprint->build(Object(Illuminate\Database\MySqlConnection), Object(Illuminate\Database\Schema\Grammars\MySqlGrammar))
#6 C:\wamp64\www\media\vendor\laravel\framework\src\Illuminate\Database\Schema\Builder.php(148): Illuminate\Database\Schema\Builder->build(Object(Illuminate\Database\Schema\Blueprint))
#7 C:\wamp64\www\media\vendor\laravel\framework\src\Illuminate\Support\Facades\Facade.php(219): Illuminate\Database\Schema\Builder->create('users', Object(Closure))
#8 C:\wamp64\www\media\database\migrations\2016_10_12_000000_create_users_table.php(31): Illuminate\Support\Facades\Facade::__callStatic('create', Array)
#9 C:\wamp64\www\media\database\migrations\2016_10_12_000000_create_users_table.php(31): Illuminate\Support\Facades\Schema::create('users', Object(Closure))
#10 C:\wamp64\www\media\vendor\laravel\framework\src\Illuminate\Database\Migrations\Migrator.php(147): CreateUsersTable->up()
#11 C:\wamp64\www\media\vendor\laravel\framework\src\Illuminate\Database\Migrations\Migrator.php(117): Illuminate\Database\Migrations\Migrator->runUp('2016_10_12_0000...', 2, false)
#12 C:\wamp64\www\media\vendor\laravel\framework\src\Illuminate\Database\Migrations\Migrator.php(86): Illuminate\Database\Migrations\Migrator->runMigrationList(Array, Array)
#13 C:\wamp64\www\media\vendor\laravel\framework\src\Illuminate\Database\Console\Migrations\MigrateCommand.php(77): Illuminate\Database\Migrations\Migrator->run('C:\\wamp64\\www\\m...', Array)
#14 [internal function]: Illuminate\Database\Console\Migrations\MigrateCommand->fire()
#15 C:\wamp64\www\media\vendor\laravel\framework\src\Illuminate\Container\Container.php(507): call_user_func_array(Array, Array)
#16 C:\wamp64\www\media\vendor\laravel\framework\src\Illuminate\Console\Command.php(169): Illuminate\Container\Container->call(Array)
#17 C:\wamp64\www\media\vendor\symfony\console\Command\Command.php(256): Illuminate\Console\Command->execute(Object(Symfony\Component\Console\Input\ArgvInput), Object(Symfony\Component\Console\Output\ConsoleOutput))
#18 C:\wamp64\www\media\vendor\laravel\framework\src\Illuminate\Console\Command.php(155): Symfony\Component\Console\Command\Command->run(Object(Symfony\Component\Console\Input\ArgvInput), Object(Symfony\Component\Console\Output\ConsoleOutput))
#19 C:\wamp64\www\media\vendor\symfony\console\Application.php(794): Illuminate\Console\Command->run(Object(Symfony\Component\Console\Input\ArgvInput), Object(Symfony\Component\Console\Output\ConsoleOutput))
#20 C:\wamp64\www\media\vendor\symfony\console\Application.php(186): Symfony\Component\Console\Application->doRunCommand(Object(Illuminate\Database\Console\Migrations\MigrateCommand), Object(Symfony\Component\Console\Input\ArgvInput), Object(Symfony\Component\Console\Output\ConsoleOutput))
#21 C:\wamp64\www\media\vendor\symfony\console\Application.php(117): Symfony\Component\Console\Application->doRun(Object(Symfony\Component\Console\Input\ArgvInput), Object(Symfony\Component\Console\Output\ConsoleOutput))
#22 C:\wamp64\www\media\vendor\laravel\framework\src\Illuminate\Foundation\Console\Kernel.php(107): Symfony\Component\Console\Application->run(Object(Symfony\Component\Console\Input\ArgvInput), Object(Symfony\Component\Console\Output\ConsoleOutput))
#23 C:\wamp64\www\media\artisan(36): Illuminate\Foundation\Console\Kernel->handle(Object(Symfony\Component\Console\Input\ArgvInput), Object(Symfony\Component\Console\Output\ConsoleOutput))
#24 {main}

Next exception 'Illuminate\Database\QueryException' with message 'SQLSTATE[42S01]: Base table or view already exists: 1050 Table 'users' already exists (SQL: create table `users` (`id` int unsigned not null auto_increment primary key, `username` varchar(255) not null, `email` varchar(255) null, `password` varchar(60) not null, `avatar` varchar(255) not null default 'noavatar.jpg', `cover` varchar(255) not null default 'nocover.jpg', `facebook_id` varchar(255) null, `twitter_id` varchar(255) null, `google_id` varchar(255) null, `status` int not null default '0', `level` int not null default '0', `facebook_profile` varchar(255) null, `twitter_profile` varchar(255) null, `remember_token` varchar(100) null, `created_at` timestamp null, `updated_at` timestamp null) default character set utf8 collate utf8_unicode_ci)' in C:\wamp64\www\media\vendor\laravel\framework\src\Illuminate\Database\Connection.php:729
Stack trace:
#0 C:\wamp64\www\media\vendor\laravel\framework\src\Illuminate\Database\Connection.php(685): Illuminate\Database\Connection->runQueryCallback('create table `u...', Array, Object(Closure))
#1 C:\wamp64\www\media\vendor\laravel\framework\src\Illuminate\Database\Connection.php(458): Illuminate\Database\Connection->run('create table `u...', Array, Object(Closure))
#2 C:\wamp64\www\media\vendor\laravel\framework\src\Illuminate\Database\Schema\Blueprint.php(83): Illuminate\Database\Connection->statement('create table `u...')
#3 C:\wamp64\www\media\vendor\laravel\framework\src\Illuminate\Database\Schema\Builder.php(229): Illuminate\Database\Schema\Blueprint->build(Object(Illuminate\Database\MySqlConnection), Object(Illuminate\Database\Schema\Grammars\MySqlGrammar))
#4 C:\wamp64\www\media\vendor\laravel\framework\src\Illuminate\Database\Schema\Builder.php(148): Illuminate\Database\Schema\Builder->build(Object(Illuminate\Database\Schema\Blueprint))
#5 C:\wamp64\www\media\vendor\laravel\framework\src\Illuminate\Support\Facades\Facade.php(219): Illuminate\Database\Schema\Builder->create('users', Object(Closure))
#6 C:\wamp64\www\media\database\migrations\2016_10_12_000000_create_users_table.php(31): Illuminate\Support\Facades\Facade::__callStatic('create', Array)
#7 C:\wamp64\www\media\database\migrations\2016_10_12_000000_create_users_table.php(31): Illuminate\Support\Facades\Schema::create('users', Object(Closure))
#8 C:\wamp64\www\media\vendor\laravel\framework\src\Illuminate\Database\Migrations\Migrator.php(147): CreateUsersTable->up()
#9 C:\wamp64\www\media\vendor\laravel\framework\src\Illuminate\Database\Migrations\Migrator.php(117): Illuminate\Database\Migrations\Migrator->runUp('2016_10_12_0000...', 2, false)
#10 C:\wamp64\www\media\vendor\laravel\framework\src\Illuminate\Database\Migrations\Migrator.php(86): Illuminate\Database\Migrations\Migrator->runMigrationList(Array, Array)
#11 C:\wamp64\www\media\vendor\laravel\framework\src\Illuminate\Database\Console\Migrations\MigrateCommand.php(77): Illuminate\Database\Migrations\Migrator->run('C:\\wamp64\\www\\m...', Array)
#12 [internal function]: Illuminate\Database\Console\Migrations\MigrateCommand->fire()
#13 C:\wamp64\www\media\vendor\laravel\framework\src\Illuminate\Container\Container.php(507): call_user_func_array(Array, Array)
#14 C:\wamp64\www\media\vendor\laravel\framework\src\Illuminate\Console\Command.php(169): Illuminate\Container\Container->call(Array)
#15 C:\wamp64\www\media\vendor\symfony\console\Command\Command.php(256): Illuminate\Console\Command->execute(Object(Symfony\Component\Console\Input\ArgvInput), Object(Symfony\Component\Console\Output\ConsoleOutput))
#16 C:\wamp64\www\media\vendor\laravel\framework\src\Illuminate\Console\Command.php(155): Symfony\Component\Console\Command\Command->run(Object(Symfony\Component\Console\Input\ArgvInput), Object(Symfony\Component\Console\Output\ConsoleOutput))
#17 C:\wamp64\www\media\vendor\symfony\console\Application.php(794): Illuminate\Console\Command->run(Object(Symfony\Component\Console\Input\ArgvInput), Object(Symfony\Component\Console\Output\ConsoleOutput))
#18 C:\wamp64\www\media\vendor\symfony\console\Application.php(186): Symfony\Component\Console\Application->doRunCommand(Object(Illuminate\Database\Console\Migrations\MigrateCommand), Object(Symfony\Component\Console\Input\ArgvInput), Object(Symfony\Component\Console\Output\ConsoleOutput))
#19 C:\wamp64\www\media\vendor\symfony\console\Application.php(117): Symfony\Component\Console\Application->doRun(Object(Symfony\Component\Console\Input\ArgvInput), Object(Symfony\Component\Console\Output\ConsoleOutput))
#20 C:\wamp64\www\media\vendor\laravel\framework\src\Illuminate\Foundation\Console\Kernel.php(107): Symfony\Component\Console\Application->run(Object(Symfony\Component\Console\Input\ArgvInput), Object(Symfony\Component\Console\Output\ConsoleOutput))
#21 C:\wamp64\www\media\artisan(36): Illuminate\Foundation\Console\Kernel->handle(Object(Symfony\Component\Console\Input\ArgvInput), Object(Symfony\Component\Console\Output\ConsoleOutput))
#22 {main}  
